<?xml version="1.0" encoding="UTF-8"?>
<coverage generated="1750098584819" clover="3.2.0">
  <project timestamp="1750098584819" name="All files">
    <metrics statements="12" coveredstatements="0" conditionals="2" coveredconditionals="0" methods="2" coveredmethods="0" elements="16" coveredelements="0" complexity="0" loc="12" ncloc="12" packages="1" files="2" classes="2"/>
    <file name="App.tsx" path="/Users/sravanamhimasaicharan/workspace/github-action/practice/some-actions/src/App.tsx">
      <metrics statements="4" coveredstatements="0" conditionals="1" coveredconditionals="0" methods="1" coveredmethods="0"/>
      <line num="1" count="0" type="cond" truecount="0" falsecount="1"/>
      <line num="2" count="0" type="stmt"/>
      <line num="3" count="0" type="stmt"/>
      <line num="5" count="0" type="stmt"/>
    </file>
    <file name="main.tsx" path="/Users/sravanamhimasaicharan/workspace/github-action/practice/some-actions/src/main.tsx">
      <metrics statements="8" coveredstatements="0" conditionals="1" coveredconditionals="0" methods="1" coveredmethods="0"/>
      <line num="1" count="0" type="cond" truecount="0" falsecount="1"/>
      <line num="2" count="0" type="stmt"/>
      <line num="3" count="0" type="stmt"/>
      <line num="5" count="0" type="stmt"/>
      <line num="6" count="0" type="stmt"/>
      <line num="7" count="0" type="stmt"/>
      <line num="8" count="0" type="stmt"/>
      <line num="9" count="0" type="stmt"/>
    </file>
  </project>
</coverage>
