{"/Users/sravanamhimasaicharan/workspace/github-action/practice/some-actions/src/App.tsx": {"path":"/Users/sravanamhimasaicharan/workspace/github-action/practice/some-actions/src/App.tsx","all":true,"statementMap":{"0":{"start":{"line":1,"column":0},"end":{"line":1,"column":19}},"1":{"start":{"line":2,"column":0},"end":{"line":2,"column":33}},"2":{"start":{"line":3,"column":0},"end":{"line":3,"column":2}},"4":{"start":{"line":5,"column":0},"end":{"line":5,"column":19}}},"s":{"0":0,"1":0,"2":0,"4":0},"branchMap":{"0":{"type":"branch","line":1,"loc":{"start":{"line":1,"column":77},"end":{"line":5,"column":19}},"locations":[{"start":{"line":1,"column":77},"end":{"line":5,"column":19}}]}},"b":{"0":[0]},"fnMap":{"0":{"name":"(empty-report)","decl":{"start":{"line":1,"column":77},"end":{"line":5,"column":19}},"loc":{"start":{"line":1,"column":77},"end":{"line":5,"column":19}},"line":1}},"f":{"0":0}}
,"/Users/sravanamhimasaicharan/workspace/github-action/practice/some-actions/src/main.tsx": {"path":"/Users/sravanamhimasaicharan/workspace/github-action/practice/some-actions/src/main.tsx","all":true,"statementMap":{"0":{"start":{"line":1,"column":0},"end":{"line":1,"column":35}},"1":{"start":{"line":2,"column":0},"end":{"line":2,"column":46}},"2":{"start":{"line":3,"column":0},"end":{"line":3,"column":28}},"4":{"start":{"line":5,"column":0},"end":{"line":5,"column":52}},"5":{"start":{"line":6,"column":0},"end":{"line":6,"column":14}},"6":{"start":{"line":7,"column":0},"end":{"line":7,"column":11}},"7":{"start":{"line":8,"column":0},"end":{"line":8,"column":15}},"8":{"start":{"line":9,"column":0},"end":{"line":9,"column":2}}},"s":{"0":0,"1":0,"2":0,"4":0,"5":0,"6":0,"7":0,"8":0},"branchMap":{"0":{"type":"branch","line":1,"loc":{"start":{"line":1,"column":185},"end":{"line":9,"column":-127}},"locations":[{"start":{"line":1,"column":185},"end":{"line":9,"column":-127}}]}},"b":{"0":[0]},"fnMap":{"0":{"name":"(empty-report)","decl":{"start":{"line":1,"column":185},"end":{"line":9,"column":-127}},"loc":{"start":{"line":1,"column":185},"end":{"line":9,"column":-127}},"line":1}},"f":{"0":0}}
}
